<?xml version="1.0" encoding="UTF-8"?>
<testsuite xmlns:xsi="http://www.w3.org/2001/XMLSchema-instance" xsi:noNamespaceSchemaLocation="https://maven.apache.org/surefire/maven-surefire-plugin/xsd/surefire-test-report-3.0.xsd" version="3.0" name="API.ApiTests" time="17.018" tests="4" errors="0" skipped="0" failures="0">
  <properties>
[...]
</properties>
  <testcase name="testGet" classname="API.ApiTests" time="14.265"/>
  <testcase name="testPut" classname="API.ApiTests" time="0.851"/>
  <testcase name="testPost" classname="API.ApiTests" time="0.834"/>
  <testcase name="testDelete" classname="API.ApiTests" time="0.927"/>
</testsuite>